app/build/intermediates/manifest_merge_blame_file/debug/processDebugMainManifest/manifest-merger-blame-debug-report.txt
1<?xml version="1.0" encoding="utf-8"?>
2<manifest xmlns:android="http://schemas.android.com/apk/res/android"
3    package="com.example.donapp"
4    android:versionCode="1"
5    android:versionName="1.0" >
6
7    <uses-sdk
8        android:minSdkVersion="24"
9        android:targetSdkVersion="35" />
10
11    <uses-permission android:name="android.permission.POST_NOTIFICATIONS" />
11-->src/main/AndroidManifest.xml:4:5-76
11-->src/main/AndroidManifest.xml:4:22-74
12    <uses-permission android:name="android.permission.ACCESS_FINE_LOCATION" />
12-->src/main/AndroidManifest.xml:5:5-78
12-->src/main/AndroidManifest.xml:5:22-76
13    <uses-permission android:name="android.permission.ACCESS_COARSE_LOCATION" />
13-->src/main/AndroidManifest.xml:6:5-80
13-->src/main/AndroidManifest.xml:6:22-78
14
15    <!-- Although the *SdkVersion is captured in gradle build files, this is required for non gradle builds -->
16    <!-- <uses-sdk android:minSdkVersion="14"/> -->
17    <uses-permission android:name="android.permission.ACCESS_NETWORK_STATE" />
17-->[com.google.firebase:firebase-storage:20.3.0] AndroidManifest.xml:23:5-79
17-->[com.google.firebase:firebase-storage:20.3.0] AndroidManifest.xml:23:22-76
18    <uses-permission android:name="android.permission.INTERNET" />
18-->[com.google.firebase:firebase-storage:20.3.0] AndroidManifest.xml:24:5-67
18-->[com.google.firebase:firebase-storage:20.3.0] AndroidManifest.xml:24:22-64
19
20    <permission
20-->[androidx.core:core:1.15.0] AndroidManifest.xml:22:5-24:47
21        android:name="com.example.donapp.DYNAMIC_RECEIVER_NOT_EXPORTED_PERMISSION"
21-->[androidx.core:core:1.15.0] AndroidManifest.xml:23:9-81
22        android:protectionLevel="signature" />
22-->[androidx.core:core:1.15.0] AndroidManifest.xml:24:9-44
23
24    <uses-permission android:name="com.example.donapp.DYNAMIC_RECEIVER_NOT_EXPORTED_PERMISSION" />
24-->[androidx.core:core:1.15.0] AndroidManifest.xml:26:5-97
24-->[androidx.core:core:1.15.0] AndroidManifest.xml:26:22-94
25
26    <application
26-->src/main/AndroidManifest.xml:10:5-51:19
27        android:allowBackup="true"
27-->src/main/AndroidManifest.xml:11:9-35
28        android:appComponentFactory="androidx.core.app.CoreComponentFactory"
28-->[androidx.core:core:1.15.0] AndroidManifest.xml:28:18-86
29        android:dataExtractionRules="@xml/data_extraction_rules"
29-->src/main/AndroidManifest.xml:12:9-65
30        android:debuggable="true"
31        android:extractNativeLibs="false"
32        android:fullBackupContent="@xml/backup_rules"
32-->src/main/AndroidManifest.xml:13:9-54
33        android:icon="@mipmap/ic_launcher"
33-->src/main/AndroidManifest.xml:14:9-43
34        android:label="@string/app_name"
34-->src/main/AndroidManifest.xml:15:9-41
35        android:roundIcon="@mipmap/ic_launcher_round"
35-->src/main/AndroidManifest.xml:16:9-54
36        android:supportsRtl="true"
36-->src/main/AndroidManifest.xml:17:9-35
37        android:theme="@style/Theme.DonApp" >
37-->src/main/AndroidManifest.xml:18:9-44
38        <activity android:name="com.example.donapp.LoginActivity" />
38-->src/main/AndroidManifest.xml:21:9-51
38-->src/main/AndroidManifest.xml:21:19-48
39        <activity android:name="com.example.donapp.RegistroActivity" />
39-->src/main/AndroidManifest.xml:22:9-54
39-->src/main/AndroidManifest.xml:22:19-51
40        <activity android:name="com.example.donapp.DashboardActivity" />
40-->src/main/AndroidManifest.xml:23:9-55
40-->src/main/AndroidManifest.xml:23:19-52
41        <activity android:name="com.example.donapp.VerProductosActivity" />
41-->src/main/AndroidManifest.xml:24:9-58
41-->src/main/AndroidManifest.xml:24:19-55
42        <activity android:name="com.example.donapp.NotificacionesActivity" />
42-->src/main/AndroidManifest.xml:25:9-60
42-->src/main/AndroidManifest.xml:25:19-57
43        <activity android:name="com.example.donapp.ChatActivity" />
43-->src/main/AndroidManifest.xml:26:9-50
43-->src/main/AndroidManifest.xml:26:19-47
44        <activity android:name="com.example.donapp.MisChatsActivity" />
44-->src/main/AndroidManifest.xml:27:9-54
44-->src/main/AndroidManifest.xml:27:19-51
45        <activity android:name="com.example.donapp.ChatsIniciadosActivity" />
45-->src/main/AndroidManifest.xml:28:9-60
45-->src/main/AndroidManifest.xml:28:19-57
46        <activity android:name="com.example.donapp.TerminosActivity" />
46-->src/main/AndroidManifest.xml:29:9-54
46-->src/main/AndroidManifest.xml:29:19-51
47        <activity android:name="com.example.donapp.UsuariosCercanosActivity" />
47-->src/main/AndroidManifest.xml:30:9-62
47-->src/main/AndroidManifest.xml:30:19-59
48
49        <!-- Pantalla principal -->
50        <activity
50-->src/main/AndroidManifest.xml:37:9-44:20
51            android:name="com.example.donapp.MainActivity"
51-->src/main/AndroidManifest.xml:38:13-41
52            android:exported="true" >
52-->src/main/AndroidManifest.xml:39:13-36
53            <intent-filter>
53-->src/main/AndroidManifest.xml:40:13-43:29
54                <action android:name="android.intent.action.MAIN" />
54-->src/main/AndroidManifest.xml:41:17-69
54-->src/main/AndroidManifest.xml:41:25-66
55
56                <category android:name="android.intent.category.LAUNCHER" />
56-->src/main/AndroidManifest.xml:42:17-77
56-->src/main/AndroidManifest.xml:42:27-74
57            </intent-filter>
58        </activity>
59
60        <!-- Otras pantallas -->
61        <activity android:name="com.example.donapp.AgregarProductoActivity" />
61-->src/main/AndroidManifest.xml:47:9-61
61-->src/main/AndroidManifest.xml:47:19-58
62        <activity android:name="com.example.donapp.ListaProductosActivity" />
62-->src/main/AndroidManifest.xml:48:9-60
62-->src/main/AndroidManifest.xml:48:19-57
63
64        <service
64-->[com.google.firebase:firebase-storage-ktx:20.3.0] AndroidManifest.xml:9:9-15:19
65            android:name="com.google.firebase.components.ComponentDiscoveryService"
65-->[com.google.firebase:firebase-storage-ktx:20.3.0] AndroidManifest.xml:10:13-84
66            android:directBootAware="true"
66-->[com.google.firebase:firebase-common:20.4.2] AndroidManifest.xml:32:13-43
67            android:exported="false" >
67-->[com.google.firebase:firebase-storage-ktx:20.3.0] AndroidManifest.xml:11:13-37
68            <meta-data
68-->[com.google.firebase:firebase-storage-ktx:20.3.0] AndroidManifest.xml:12:13-14:85
69                android:name="com.google.firebase.components:com.google.firebase.storage.ktx.FirebaseStorageLegacyRegistrar"
69-->[com.google.firebase:firebase-storage-ktx:20.3.0] AndroidManifest.xml:13:17-125
70                android:value="com.google.firebase.components.ComponentRegistrar" />
70-->[com.google.firebase:firebase-storage-ktx:20.3.0] AndroidManifest.xml:14:17-82
71            <meta-data
71-->[com.google.firebase:firebase-storage:20.3.0] AndroidManifest.xml:30:13-32:85
72                android:name="com.google.firebase.components:com.google.firebase.storage.FirebaseStorageKtxRegistrar"
72-->[com.google.firebase:firebase-storage:20.3.0] AndroidManifest.xml:31:17-118
73                android:value="com.google.firebase.components.ComponentRegistrar" />
73-->[com.google.firebase:firebase-storage:20.3.0] AndroidManifest.xml:32:17-82
74            <meta-data
74-->[com.google.firebase:firebase-storage:20.3.0] AndroidManifest.xml:33:13-35:85
75                android:name="com.google.firebase.components:com.google.firebase.storage.StorageRegistrar"
75-->[com.google.firebase:firebase-storage:20.3.0] AndroidManifest.xml:34:17-107
76                android:value="com.google.firebase.components.ComponentRegistrar" />
76-->[com.google.firebase:firebase-storage:20.3.0] AndroidManifest.xml:35:17-82
77            <meta-data
77-->[com.google.firebase:firebase-firestore-ktx:24.10.0] AndroidManifest.xml:12:13-14:85
78                android:name="com.google.firebase.components:com.google.firebase.firestore.ktx.FirebaseFirestoreLegacyRegistrar"
78-->[com.google.firebase:firebase-firestore-ktx:24.10.0] AndroidManifest.xml:13:17-129
79                android:value="com.google.firebase.components.ComponentRegistrar" />
79-->[com.google.firebase:firebase-firestore-ktx:24.10.0] AndroidManifest.xml:14:17-82
80            <meta-data
80-->[com.google.firebase:firebase-firestore:24.10.0] AndroidManifest.xml:17:13-19:85
81                android:name="com.google.firebase.components:com.google.firebase.firestore.FirebaseFirestoreKtxRegistrar"
81-->[com.google.firebase:firebase-firestore:24.10.0] AndroidManifest.xml:18:17-122
82                android:value="com.google.firebase.components.ComponentRegistrar" />
82-->[com.google.firebase:firebase-firestore:24.10.0] AndroidManifest.xml:19:17-82
83            <meta-data
83-->[com.google.firebase:firebase-firestore:24.10.0] AndroidManifest.xml:20:13-22:85
84                android:name="com.google.firebase.components:com.google.firebase.firestore.FirestoreRegistrar"
84-->[com.google.firebase:firebase-firestore:24.10.0] AndroidManifest.xml:21:17-111
85                android:value="com.google.firebase.components.ComponentRegistrar" />
85-->[com.google.firebase:firebase-firestore:24.10.0] AndroidManifest.xml:22:17-82
86            <meta-data
86-->[com.google.firebase:firebase-auth-ktx:22.3.0] AndroidManifest.xml:11:13-13:85
87                android:name="com.google.firebase.components:com.google.firebase.auth.ktx.FirebaseAuthLegacyRegistrar"
87-->[com.google.firebase:firebase-auth-ktx:22.3.0] AndroidManifest.xml:12:17-119
88                android:value="com.google.firebase.components.ComponentRegistrar" />
88-->[com.google.firebase:firebase-auth-ktx:22.3.0] AndroidManifest.xml:13:17-82
89            <meta-data
89-->[com.google.firebase:firebase-auth:22.3.0] AndroidManifest.xml:69:13-71:85
90                android:name="com.google.firebase.components:com.google.firebase.auth.FirebaseAuthRegistrar"
90-->[com.google.firebase:firebase-auth:22.3.0] AndroidManifest.xml:70:17-109
91                android:value="com.google.firebase.components.ComponentRegistrar" />
91-->[com.google.firebase:firebase-auth:22.3.0] AndroidManifest.xml:71:17-82
92            <meta-data
92-->[com.google.firebase:firebase-appcheck:17.1.1] AndroidManifest.xml:25:13-27:85
93                android:name="com.google.firebase.components:com.google.firebase.appcheck.FirebaseAppCheckKtxRegistrar"
93-->[com.google.firebase:firebase-appcheck:17.1.1] AndroidManifest.xml:26:17-120
94                android:value="com.google.firebase.components.ComponentRegistrar" />
94-->[com.google.firebase:firebase-appcheck:17.1.1] AndroidManifest.xml:27:17-82
95            <meta-data
95-->[com.google.firebase:firebase-appcheck:17.1.1] AndroidManifest.xml:28:13-30:85
96                android:name="com.google.firebase.components:com.google.firebase.appcheck.FirebaseAppCheckRegistrar"
96-->[com.google.firebase:firebase-appcheck:17.1.1] AndroidManifest.xml:29:17-117
97                android:value="com.google.firebase.components.ComponentRegistrar" />
97-->[com.google.firebase:firebase-appcheck:17.1.1] AndroidManifest.xml:30:17-82
98            <meta-data
98-->[com.google.firebase:firebase-common-ktx:20.4.2] AndroidManifest.xml:12:13-14:85
99                android:name="com.google.firebase.components:com.google.firebase.ktx.FirebaseCommonLegacyRegistrar"
99-->[com.google.firebase:firebase-common-ktx:20.4.2] AndroidManifest.xml:13:17-116
100                android:value="com.google.firebase.components.ComponentRegistrar" />
100-->[com.google.firebase:firebase-common-ktx:20.4.2] AndroidManifest.xml:14:17-82
101            <meta-data
101-->[com.google.firebase:firebase-common:20.4.2] AndroidManifest.xml:35:13-37:85
102                android:name="com.google.firebase.components:com.google.firebase.FirebaseCommonKtxRegistrar"
102-->[com.google.firebase:firebase-common:20.4.2] AndroidManifest.xml:36:17-109
103                android:value="com.google.firebase.components.ComponentRegistrar" />
103-->[com.google.firebase:firebase-common:20.4.2] AndroidManifest.xml:37:17-82
104        </service>
105
106        <activity
106-->[com.google.firebase:firebase-auth:22.3.0] AndroidManifest.xml:29:9-46:20
107            android:name="com.google.firebase.auth.internal.GenericIdpActivity"
107-->[com.google.firebase:firebase-auth:22.3.0] AndroidManifest.xml:30:13-80
108            android:excludeFromRecents="true"
108-->[com.google.firebase:firebase-auth:22.3.0] AndroidManifest.xml:31:13-46
109            android:exported="true"
109-->[com.google.firebase:firebase-auth:22.3.0] AndroidManifest.xml:32:13-36
110            android:launchMode="singleTask"
110-->[com.google.firebase:firebase-auth:22.3.0] AndroidManifest.xml:33:13-44
111            android:theme="@android:style/Theme.Translucent.NoTitleBar" >
111-->[com.google.firebase:firebase-auth:22.3.0] AndroidManifest.xml:34:13-72
112            <intent-filter>
112-->[com.google.firebase:firebase-auth:22.3.0] AndroidManifest.xml:35:13-45:29
113                <action android:name="android.intent.action.VIEW" />
113-->[com.google.firebase:firebase-auth:22.3.0] AndroidManifest.xml:36:17-69
113-->[com.google.firebase:firebase-auth:22.3.0] AndroidManifest.xml:36:25-66
114
115                <category android:name="android.intent.category.DEFAULT" />
115-->[com.google.firebase:firebase-auth:22.3.0] AndroidManifest.xml:38:17-76
115-->[com.google.firebase:firebase-auth:22.3.0] AndroidManifest.xml:38:27-73
116                <category android:name="android.intent.category.BROWSABLE" />
116-->[com.google.firebase:firebase-auth:22.3.0] AndroidManifest.xml:39:17-78
116-->[com.google.firebase:firebase-auth:22.3.0] AndroidManifest.xml:39:27-75
117
118                <data
118-->[com.google.firebase:firebase-auth:22.3.0] AndroidManifest.xml:41:17-44:51
119                    android:host="firebase.auth"
119-->[com.google.firebase:firebase-auth:22.3.0] AndroidManifest.xml:42:21-49
120                    android:path="/"
120-->[com.google.firebase:firebase-auth:22.3.0] AndroidManifest.xml:43:21-37
121                    android:scheme="genericidp" />
121-->[com.google.firebase:firebase-auth:22.3.0] AndroidManifest.xml:44:21-48
122            </intent-filter>
123        </activity>
124        <activity
124-->[com.google.firebase:firebase-auth:22.3.0] AndroidManifest.xml:47:9-64:20
125            android:name="com.google.firebase.auth.internal.RecaptchaActivity"
125-->[com.google.firebase:firebase-auth:22.3.0] AndroidManifest.xml:48:13-79
126            android:excludeFromRecents="true"
126-->[com.google.firebase:firebase-auth:22.3.0] AndroidManifest.xml:49:13-46
127            android:exported="true"
127-->[com.google.firebase:firebase-auth:22.3.0] AndroidManifest.xml:50:13-36
128            android:launchMode="singleTask"
128-->[com.google.firebase:firebase-auth:22.3.0] AndroidManifest.xml:51:13-44
129            android:theme="@android:style/Theme.Translucent.NoTitleBar" >
129-->[com.google.firebase:firebase-auth:22.3.0] AndroidManifest.xml:52:13-72
130            <intent-filter>
130-->[com.google.firebase:firebase-auth:22.3.0] AndroidManifest.xml:53:13-63:29
131                <action android:name="android.intent.action.VIEW" />
131-->[com.google.firebase:firebase-auth:22.3.0] AndroidManifest.xml:36:17-69
131-->[com.google.firebase:firebase-auth:22.3.0] AndroidManifest.xml:36:25-66
132
133                <category android:name="android.intent.category.DEFAULT" />
133-->[com.google.firebase:firebase-auth:22.3.0] AndroidManifest.xml:38:17-76
133-->[com.google.firebase:firebase-auth:22.3.0] AndroidManifest.xml:38:27-73
134                <category android:name="android.intent.category.BROWSABLE" />
134-->[com.google.firebase:firebase-auth:22.3.0] AndroidManifest.xml:39:17-78
134-->[com.google.firebase:firebase-auth:22.3.0] AndroidManifest.xml:39:27-75
135
136                <data
136-->[com.google.firebase:firebase-auth:22.3.0] AndroidManifest.xml:41:17-44:51
137                    android:host="firebase.auth"
137-->[com.google.firebase:firebase-auth:22.3.0] AndroidManifest.xml:42:21-49
138                    android:path="/"
138-->[com.google.firebase:firebase-auth:22.3.0] AndroidManifest.xml:43:21-37
139                    android:scheme="recaptcha" />
139-->[com.google.firebase:firebase-auth:22.3.0] AndroidManifest.xml:44:21-48
140            </intent-filter>
141        </activity>
142        <activity
142-->[com.google.android.gms:play-services-base:18.1.0] AndroidManifest.xml:20:9-22:45
143            android:name="com.google.android.gms.common.api.GoogleApiActivity"
143-->[com.google.android.gms:play-services-base:18.1.0] AndroidManifest.xml:20:19-85
144            android:exported="false"
144-->[com.google.android.gms:play-services-base:18.1.0] AndroidManifest.xml:22:19-43
145            android:theme="@android:style/Theme.Translucent.NoTitleBar" />
145-->[com.google.android.gms:play-services-base:18.1.0] AndroidManifest.xml:21:19-78
146
147        <provider
147-->[com.google.firebase:firebase-common:20.4.2] AndroidManifest.xml:23:9-28:39
148            android:name="com.google.firebase.provider.FirebaseInitProvider"
148-->[com.google.firebase:firebase-common:20.4.2] AndroidManifest.xml:24:13-77
149            android:authorities="com.example.donapp.firebaseinitprovider"
149-->[com.google.firebase:firebase-common:20.4.2] AndroidManifest.xml:25:13-72
150            android:directBootAware="true"
150-->[com.google.firebase:firebase-common:20.4.2] AndroidManifest.xml:26:13-43
151            android:exported="false"
151-->[com.google.firebase:firebase-common:20.4.2] AndroidManifest.xml:27:13-37
152            android:initOrder="100" />
152-->[com.google.firebase:firebase-common:20.4.2] AndroidManifest.xml:28:13-36
153        <provider
153-->[androidx.emoji2:emoji2:1.3.0] AndroidManifest.xml:24:9-32:20
154            android:name="androidx.startup.InitializationProvider"
154-->[androidx.emoji2:emoji2:1.3.0] AndroidManifest.xml:25:13-67
155            android:authorities="com.example.donapp.androidx-startup"
155-->[androidx.emoji2:emoji2:1.3.0] AndroidManifest.xml:26:13-68
156            android:exported="false" >
156-->[androidx.emoji2:emoji2:1.3.0] AndroidManifest.xml:27:13-37
157            <meta-data
157-->[androidx.emoji2:emoji2:1.3.0] AndroidManifest.xml:29:13-31:52
158                android:name="androidx.emoji2.text.EmojiCompatInitializer"
158-->[androidx.emoji2:emoji2:1.3.0] AndroidManifest.xml:30:17-75
159                android:value="androidx.startup" />
159-->[androidx.emoji2:emoji2:1.3.0] AndroidManifest.xml:31:17-49
160            <meta-data
160-->[androidx.lifecycle:lifecycle-process:2.6.2] AndroidManifest.xml:29:13-31:52
161                android:name="androidx.lifecycle.ProcessLifecycleInitializer"
161-->[androidx.lifecycle:lifecycle-process:2.6.2] AndroidManifest.xml:30:17-78
162                android:value="androidx.startup" />
162-->[androidx.lifecycle:lifecycle-process:2.6.2] AndroidManifest.xml:31:17-49
163            <meta-data
163-->[androidx.profileinstaller:profileinstaller:1.4.0] AndroidManifest.xml:29:13-31:52
164                android:name="androidx.profileinstaller.ProfileInstallerInitializer"
164-->[androidx.profileinstaller:profileinstaller:1.4.0] AndroidManifest.xml:30:17-85
165                android:value="androidx.startup" />
165-->[androidx.profileinstaller:profileinstaller:1.4.0] AndroidManifest.xml:31:17-49
166        </provider>
167
168        <meta-data
168-->[com.google.android.gms:play-services-basement:18.1.0] AndroidManifest.xml:21:9-23:69
169            android:name="com.google.android.gms.version"
169-->[com.google.android.gms:play-services-basement:18.1.0] AndroidManifest.xml:22:13-58
170            android:value="@integer/google_play_services_version" />
170-->[com.google.android.gms:play-services-basement:18.1.0] AndroidManifest.xml:23:13-66
171
172        <receiver
172-->[androidx.profileinstaller:profileinstaller:1.4.0] AndroidManifest.xml:34:9-52:20
173            android:name="androidx.profileinstaller.ProfileInstallReceiver"
173-->[androidx.profileinstaller:profileinstaller:1.4.0] AndroidManifest.xml:35:13-76
174            android:directBootAware="false"
174-->[androidx.profileinstaller:profileinstaller:1.4.0] AndroidManifest.xml:36:13-44
175            android:enabled="true"
175-->[androidx.profileinstaller:profileinstaller:1.4.0] AndroidManifest.xml:37:13-35
176            android:exported="true"
176-->[androidx.profileinstaller:profileinstaller:1.4.0] AndroidManifest.xml:38:13-36
177            android:permission="android.permission.DUMP" >
177-->[androidx.profileinstaller:profileinstaller:1.4.0] AndroidManifest.xml:39:13-57
178            <intent-filter>
178-->[androidx.profileinstaller:profileinstaller:1.4.0] AndroidManifest.xml:40:13-42:29
179                <action android:name="androidx.profileinstaller.action.INSTALL_PROFILE" />
179-->[androidx.profileinstaller:profileinstaller:1.4.0] AndroidManifest.xml:41:17-91
179-->[androidx.profileinstaller:profileinstaller:1.4.0] AndroidManifest.xml:41:25-88
180            </intent-filter>
181            <intent-filter>
181-->[androidx.profileinstaller:profileinstaller:1.4.0] AndroidManifest.xml:43:13-45:29
182                <action android:name="androidx.profileinstaller.action.SKIP_FILE" />
182-->[androidx.profileinstaller:profileinstaller:1.4.0] AndroidManifest.xml:44:17-85
182-->[androidx.profileinstaller:profileinstaller:1.4.0] AndroidManifest.xml:44:25-82
183            </intent-filter>
184            <intent-filter>
184-->[androidx.profileinstaller:profileinstaller:1.4.0] AndroidManifest.xml:46:13-48:29
185                <action android:name="androidx.profileinstaller.action.SAVE_PROFILE" />
185-->[androidx.profileinstaller:profileinstaller:1.4.0] AndroidManifest.xml:47:17-88
185-->[androidx.profileinstaller:profileinstaller:1.4.0] AndroidManifest.xml:47:25-85
186            </intent-filter>
187            <intent-filter>
187-->[androidx.profileinstaller:profileinstaller:1.4.0] AndroidManifest.xml:49:13-51:29
188                <action android:name="androidx.profileinstaller.action.BENCHMARK_OPERATION" />
188-->[androidx.profileinstaller:profileinstaller:1.4.0] AndroidManifest.xml:50:17-95
188-->[androidx.profileinstaller:profileinstaller:1.4.0] AndroidManifest.xml:50:25-92
189            </intent-filter>
190        </receiver>
191    </application>
192
193</manifest>